  .cpp
  bt.cpp
  SeqList.cpp
C:\Users\12092\OneDrive\文档\github\text_C\2024_4_21\2024_4_21\SeqList.cpp(4,10): error C2600: “SeqList::SeqList”: 不能定义编译器生成的特殊成员函数(必须首先在类中声明)
C:\Users\12092\OneDrive\文档\github\text_C\2024_4_21\2024_4_21\SeqList.cpp(9,11): error C2600: “SeqList::~SeqList”: 不能定义编译器生成的特殊成员函数(必须首先在类中声明)
C:\Users\12092\OneDrive\文档\github\text_C\2024_4_21\2024_4_21\SeqList.cpp(17,2): error C2678: 二进制“!”: 没有找到接受“SL”类型的左操作数的运算符(或没有可接受的转换)
C:\Users\12092\OneDrive\文档\github\text_C\2024_4_21\2024_4_21\SeqList.cpp(17,2): message : 可以是“内置 C++ operator!(bool)”
C:\Users\12092\OneDrive\文档\github\text_C\2024_4_21\2024_4_21\SeqList.cpp(17,2): message : 尝试匹配参数列表“(SL)”时
C:\Users\12092\OneDrive\文档\github\text_C\2024_4_21\2024_4_21\SeqList.cpp(17,2): error C2088: “!”: 对于 struct 非法
C:\Users\12092\OneDrive\文档\github\text_C\2024_4_21\2024_4_21\SeqList.cpp(18,2): error C2819: “SL”类型没有重载成员“operator ->”
C:\Users\12092\OneDrive\文档\github\text_C\2024_4_21\2024_4_21\SeqList.h(10,8): message : 参见“SL”的声明
C:\Users\12092\OneDrive\文档\github\text_C\2024_4_21\2024_4_21\SeqList.cpp(18,2): message : 是否改用“.”?
C:\Users\12092\OneDrive\文档\github\text_C\2024_4_21\2024_4_21\SeqList.cpp(18,3): error C2232: “->SL::arr”: 左操作数有“struct”类型，使用“.”
C:\Users\12092\OneDrive\文档\github\text_C\2024_4_21\2024_4_21\SeqList.cpp(19,2): error C2819: “SL”类型没有重载成员“operator ->”
C:\Users\12092\OneDrive\文档\github\text_C\2024_4_21\2024_4_21\SeqList.h(10,8): message : 参见“SL”的声明
C:\Users\12092\OneDrive\文档\github\text_C\2024_4_21\2024_4_21\SeqList.cpp(19,2): message : 是否改用“.”?
C:\Users\12092\OneDrive\文档\github\text_C\2024_4_21\2024_4_21\SeqList.cpp(19,3): error C2232: “->SL::size”: 左操作数有“struct”类型，使用“.”
C:\Users\12092\OneDrive\文档\github\text_C\2024_4_21\2024_4_21\SeqList.cpp(19,12): error C2819: “SL”类型没有重载成员“operator ->”
C:\Users\12092\OneDrive\文档\github\text_C\2024_4_21\2024_4_21\SeqList.h(10,8): message : 参见“SL”的声明
C:\Users\12092\OneDrive\文档\github\text_C\2024_4_21\2024_4_21\SeqList.cpp(19,12): message : 是否改用“.”?
C:\Users\12092\OneDrive\文档\github\text_C\2024_4_21\2024_4_21\SeqList.cpp(19,13): error C2232: “->SL::capacity”: 左操作数有“struct”类型，使用“.”
C:\Users\12092\OneDrive\文档\github\text_C\2024_4_21\2024_4_21\SeqList.cpp(24,2): error C2678: 二进制“!”: 没有找到接受“SL”类型的左操作数的运算符(或没有可接受的转换)
C:\Users\12092\OneDrive\文档\github\text_C\2024_4_21\2024_4_21\SeqList.cpp(24,2): message : 可以是“内置 C++ operator!(bool)”
C:\Users\12092\OneDrive\文档\github\text_C\2024_4_21\2024_4_21\SeqList.cpp(24,2): message : 尝试匹配参数列表“(SL)”时
C:\Users\12092\OneDrive\文档\github\text_C\2024_4_21\2024_4_21\SeqList.cpp(24,2): error C2088: “!”: 对于 struct 非法
C:\Users\12092\OneDrive\文档\github\text_C\2024_4_21\2024_4_21\SeqList.cpp(25,6): error C2819: “SL”类型没有重载成员“operator ->”
C:\Users\12092\OneDrive\文档\github\text_C\2024_4_21\2024_4_21\SeqList.h(10,8): message : 参见“SL”的声明
C:\Users\12092\OneDrive\文档\github\text_C\2024_4_21\2024_4_21\SeqList.cpp(25,6): message : 是否改用“.”?
C:\Users\12092\OneDrive\文档\github\text_C\2024_4_21\2024_4_21\SeqList.cpp(25,7): error C2232: “->SL::arr”: 左操作数有“struct”类型，使用“.”
C:\Users\12092\OneDrive\文档\github\text_C\2024_4_21\2024_4_21\SeqList.cpp(27,8): error C2819: “SL”类型没有重载成员“operator ->”
C:\Users\12092\OneDrive\文档\github\text_C\2024_4_21\2024_4_21\SeqList.h(10,8): message : 参见“SL”的声明
C:\Users\12092\OneDrive\文档\github\text_C\2024_4_21\2024_4_21\SeqList.cpp(27,8): message : 是否改用“.”?
C:\Users\12092\OneDrive\文档\github\text_C\2024_4_21\2024_4_21\SeqList.cpp(27,9): error C2232: “->SL::arr”: 左操作数有“struct”类型，使用“.”
C:\Users\12092\OneDrive\文档\github\text_C\2024_4_21\2024_4_21\SeqList.cpp(29,2): error C2819: “SL”类型没有重载成员“operator ->”
C:\Users\12092\OneDrive\文档\github\text_C\2024_4_21\2024_4_21\SeqList.h(10,8): message : 参见“SL”的声明
C:\Users\12092\OneDrive\文档\github\text_C\2024_4_21\2024_4_21\SeqList.cpp(29,2): message : 是否改用“.”?
C:\Users\12092\OneDrive\文档\github\text_C\2024_4_21\2024_4_21\SeqList.cpp(29,3): error C2232: “->SL::arr”: 左操作数有“struct”类型，使用“.”
C:\Users\12092\OneDrive\文档\github\text_C\2024_4_21\2024_4_21\SeqList.cpp(30,2): error C2819: “SL”类型没有重载成员“operator ->”
C:\Users\12092\OneDrive\文档\github\text_C\2024_4_21\2024_4_21\SeqList.h(10,8): message : 参见“SL”的声明
C:\Users\12092\OneDrive\文档\github\text_C\2024_4_21\2024_4_21\SeqList.cpp(30,2): message : 是否改用“.”?
C:\Users\12092\OneDrive\文档\github\text_C\2024_4_21\2024_4_21\SeqList.cpp(30,3): error C2232: “->SL::size”: 左操作数有“struct”类型，使用“.”
C:\Users\12092\OneDrive\文档\github\text_C\2024_4_21\2024_4_21\SeqList.cpp(30,12): error C2819: “SL”类型没有重载成员“operator ->”
C:\Users\12092\OneDrive\文档\github\text_C\2024_4_21\2024_4_21\SeqList.h(10,8): message : 参见“SL”的声明
C:\Users\12092\OneDrive\文档\github\text_C\2024_4_21\2024_4_21\SeqList.cpp(30,12): message : 是否改用“.”?
C:\Users\12092\OneDrive\文档\github\text_C\2024_4_21\2024_4_21\SeqList.cpp(30,13): error C2232: “->SL::capacity”: 左操作数有“struct”类型，使用“.”
C:\Users\12092\OneDrive\文档\github\text_C\2024_4_21\2024_4_21\SeqList.cpp(35,20): error C2819: “SL”类型没有重载成员“operator ->”
C:\Users\12092\OneDrive\文档\github\text_C\2024_4_21\2024_4_21\SeqList.h(10,8): message : 参见“SL”的声明
C:\Users\12092\OneDrive\文档\github\text_C\2024_4_21\2024_4_21\SeqList.cpp(35,20): message : 是否改用“.”?
C:\Users\12092\OneDrive\文档\github\text_C\2024_4_21\2024_4_21\SeqList.cpp(35,21): error C2232: “->SL::capacity”: 左操作数有“struct”类型，使用“.”
C:\Users\12092\OneDrive\文档\github\text_C\2024_4_21\2024_4_21\SeqList.cpp(35,47): error C2819: “SL”类型没有重载成员“operator ->”
C:\Users\12092\OneDrive\文档\github\text_C\2024_4_21\2024_4_21\SeqList.h(10,8): message : 参见“SL”的声明
C:\Users\12092\OneDrive\文档\github\text_C\2024_4_21\2024_4_21\SeqList.cpp(35,47): message : 是否改用“.”?
C:\Users\12092\OneDrive\文档\github\text_C\2024_4_21\2024_4_21\SeqList.cpp(35,48): error C2232: “->SL::capacity”: 左操作数有“struct”类型，使用“.”
C:\Users\12092\OneDrive\文档\github\text_C\2024_4_21\2024_4_21\SeqList.cpp(36,6): error C2819: “SL”类型没有重载成员“operator ->”
C:\Users\12092\OneDrive\文档\github\text_C\2024_4_21\2024_4_21\SeqList.h(10,8): message : 参见“SL”的声明
C:\Users\12092\OneDrive\文档\github\text_C\2024_4_21\2024_4_21\SeqList.cpp(36,6): message : 是否改用“.”?
C:\Users\12092\OneDrive\文档\github\text_C\2024_4_21\2024_4_21\SeqList.cpp(36,7): error C2232: “->SL::size”: 左操作数有“struct”类型，使用“.”
C:\Users\12092\OneDrive\文档\github\text_C\2024_4_21\2024_4_21\SeqList.cpp(36,17): error C2819: “SL”类型没有重载成员“operator ->”
C:\Users\12092\OneDrive\文档\github\text_C\2024_4_21\2024_4_21\SeqList.h(10,8): message : 参见“SL”的声明
C:\Users\12092\OneDrive\文档\github\text_C\2024_4_21\2024_4_21\SeqList.cpp(36,17): message : 是否改用“.”?
C:\Users\12092\OneDrive\文档\github\text_C\2024_4_21\2024_4_21\SeqList.cpp(36,18): error C2232: “->SL::capacity”: 左操作数有“struct”类型，使用“.”
C:\Users\12092\OneDrive\文档\github\text_C\2024_4_21\2024_4_21\SeqList.cpp(38,38): error C2819: “SL”类型没有重载成员“operator ->”
C:\Users\12092\OneDrive\文档\github\text_C\2024_4_21\2024_4_21\SeqList.h(10,8): message : 参见“SL”的声明
C:\Users\12092\OneDrive\文档\github\text_C\2024_4_21\2024_4_21\SeqList.cpp(38,38): message : 是否改用“.”?
C:\Users\12092\OneDrive\文档\github\text_C\2024_4_21\2024_4_21\SeqList.cpp(38,39): error C2232: “->SL::arr”: 左操作数有“struct”类型，使用“.”
C:\Users\12092\OneDrive\文档\github\text_C\2024_4_21\2024_4_21\SeqList.cpp(44,3): error C2819: “SL”类型没有重载成员“operator ->”
C:\Users\12092\OneDrive\文档\github\text_C\2024_4_21\2024_4_21\SeqList.h(10,8): message : 参见“SL”的声明
C:\Users\12092\OneDrive\文档\github\text_C\2024_4_21\2024_4_21\SeqList.cpp(44,3): message : 是否改用“.”?
C:\Users\12092\OneDrive\文档\github\text_C\2024_4_21\2024_4_21\SeqList.cpp(44,4): error C2232: “->SL::arr”: 左操作数有“struct”类型，使用“.”
C:\Users\12092\OneDrive\文档\github\text_C\2024_4_21\2024_4_21\SeqList.cpp(45,3): error C2819: “SL”类型没有重载成员“operator ->”
C:\Users\12092\OneDrive\文档\github\text_C\2024_4_21\2024_4_21\SeqList.h(10,8): message : 参见“SL”的声明
C:\Users\12092\OneDrive\文档\github\text_C\2024_4_21\2024_4_21\SeqList.cpp(45,3): message : 是否改用“.”?
C:\Users\12092\OneDrive\文档\github\text_C\2024_4_21\2024_4_21\SeqList.cpp(45,4): error C2232: “->SL::capacity”: 左操作数有“struct”类型，使用“.”
C:\Users\12092\OneDrive\文档\github\text_C\2024_4_21\2024_4_21\SeqList.cpp(52,2): error C2678: 二进制“!”: 没有找到接受“SL”类型的左操作数的运算符(或没有可接受的转换)
C:\Users\12092\OneDrive\文档\github\text_C\2024_4_21\2024_4_21\SeqList.cpp(52,2): message : 可以是“内置 C++ operator!(bool)”
C:\Users\12092\OneDrive\文档\github\text_C\2024_4_21\2024_4_21\SeqList.cpp(52,2): message : 尝试匹配参数列表“(SL)”时
C:\Users\12092\OneDrive\文档\github\text_C\2024_4_21\2024_4_21\SeqList.cpp(52,2): error C2088: “!”: 对于 struct 非法
C:\Users\12092\OneDrive\文档\github\text_C\2024_4_21\2024_4_21\SeqList.cpp(53,2): error C2660: “SeqList::CheckCapacity”: 函数不接受 1 个参数
C:\Users\12092\OneDrive\文档\github\text_C\2024_4_21\2024_4_21\SeqList.cpp(33,15): message : 参见“SeqList::CheckCapacity”的声明
C:\Users\12092\OneDrive\文档\github\text_C\2024_4_21\2024_4_21\SeqList.cpp(53,2): message : 尝试匹配参数列表“(SL)”时
C:\Users\12092\OneDrive\文档\github\text_C\2024_4_21\2024_4_21\SeqList.cpp(54,2): error C2819: “SL”类型没有重载成员“operator ->”
C:\Users\12092\OneDrive\文档\github\text_C\2024_4_21\2024_4_21\SeqList.h(10,8): message : 参见“SL”的声明
C:\Users\12092\OneDrive\文档\github\text_C\2024_4_21\2024_4_21\SeqList.cpp(54,2): message : 是否改用“.”?
C:\Users\12092\OneDrive\文档\github\text_C\2024_4_21\2024_4_21\SeqList.cpp(54,3): error C2232: “->SL::arr”: 左操作数有“struct”类型，使用“.”
C:\Users\12092\OneDrive\文档\github\text_C\2024_4_21\2024_4_21\SeqList.cpp(54,9): error C2819: “SL”类型没有重载成员“operator ->”
C:\Users\12092\OneDrive\文档\github\text_C\2024_4_21\2024_4_21\SeqList.h(10,8): message : 参见“SL”的声明
C:\Users\12092\OneDrive\文档\github\text_C\2024_4_21\2024_4_21\SeqList.cpp(54,9): message : 是否改用“.”?
C:\Users\12092\OneDrive\文档\github\text_C\2024_4_21\2024_4_21\SeqList.cpp(54,10): error C2232: “->SL::size”: 左操作数有“struct”类型，使用“.”
C:\Users\12092\OneDrive\文档\github\text_C\2024_4_21\2024_4_21\SeqList.cpp(59,2): error C2678: 二进制“!”: 没有找到接受“SL”类型的左操作数的运算符(或没有可接受的转换)
C:\Users\12092\OneDrive\文档\github\text_C\2024_4_21\2024_4_21\SeqList.cpp(59,2): message : 可以是“内置 C++ operator!(bool)”
C:\Users\12092\OneDrive\文档\github\text_C\2024_4_21\2024_4_21\SeqList.cpp(59,2): message : 尝试匹配参数列表“(SL)”时
C:\Users\12092\OneDrive\文档\github\text_C\2024_4_21\2024_4_21\SeqList.cpp(59,2): error C2088: “!”: 对于 struct 非法
C:\Users\12092\OneDrive\文档\github\text_C\2024_4_21\2024_4_21\SeqList.cpp(60,2): error C2819: “SL”类型没有重载成员“operator ->”
C:\Users\12092\OneDrive\文档\github\text_C\2024_4_21\2024_4_21\SeqList.h(10,8): message : 参见“SL”的声明
C:\Users\12092\OneDrive\文档\github\text_C\2024_4_21\2024_4_21\SeqList.cpp(60,2): message : 是否改用“.”?
C:\Users\12092\OneDrive\文档\github\text_C\2024_4_21\2024_4_21\SeqList.cpp(60,2): error C2232: “->SL::size”: 左操作数有“struct”类型，使用“.”
C:\Users\12092\OneDrive\文档\github\text_C\2024_4_21\2024_4_21\SeqList.cpp(62,2): error C2819: “SL”类型没有重载成员“operator ->”
C:\Users\12092\OneDrive\文档\github\text_C\2024_4_21\2024_4_21\SeqList.h(10,8): message : 参见“SL”的声明
C:\Users\12092\OneDrive\文档\github\text_C\2024_4_21\2024_4_21\SeqList.cpp(62,2): message : 是否改用“.”?
C:\Users\12092\OneDrive\文档\github\text_C\2024_4_21\2024_4_21\SeqList.cpp(62,3): error C2232: “->SL::size”: 左操作数有“struct”类型，使用“.”
C:\Users\12092\OneDrive\文档\github\text_C\2024_4_21\2024_4_21\SeqList.cpp(67,2): error C2678: 二进制“!”: 没有找到接受“SL”类型的左操作数的运算符(或没有可接受的转换)
C:\Users\12092\OneDrive\文档\github\text_C\2024_4_21\2024_4_21\SeqList.cpp(67,2): message : 可以是“内置 C++ operator!(bool)”
C:\Users\12092\OneDrive\文档\github\text_C\2024_4_21\2024_4_21\SeqList.cpp(67,2): message : 尝试匹配参数列表“(SL)”时
C:\Users\12092\OneDrive\文档\github\text_C\2024_4_21\2024_4_21\SeqList.cpp(67,2): error C2088: “!”: 对于 struct 非法
C:\Users\12092\OneDrive\文档\github\text_C\2024_4_21\2024_4_21\SeqList.cpp(68,2): error C2819: “SL”类型没有重载成员“operator ->”
C:\Users\12092\OneDrive\文档\github\text_C\2024_4_21\2024_4_21\SeqList.h(10,8): message : 参见“SL”的声明
C:\Users\12092\OneDrive\文档\github\text_C\2024_4_21\2024_4_21\SeqList.cpp(68,2): message : 是否改用“.”?
C:\Users\12092\OneDrive\文档\github\text_C\2024_4_21\2024_4_21\SeqList.cpp(68,2): error C2232: “->SL::size”: 左操作数有“struct”类型，使用“.”
C:\Users\12092\OneDrive\文档\github\text_C\2024_4_21\2024_4_21\SeqList.cpp(69,24): error C2819: “SL”类型没有重载成员“operator ->”
C:\Users\12092\OneDrive\文档\github\text_C\2024_4_21\2024_4_21\SeqList.h(10,8): message : 参见“SL”的声明
C:\Users\12092\OneDrive\文档\github\text_C\2024_4_21\2024_4_21\SeqList.cpp(69,24): message : 是否改用“.”?
C:\Users\12092\OneDrive\文档\github\text_C\2024_4_21\2024_4_21\SeqList.cpp(69,25): error C2232: “->SL::size”: 左操作数有“struct”类型，使用“.”
C:\Users\12092\OneDrive\文档\github\text_C\2024_4_21\2024_4_21\SeqList.cpp(71,3): error C2819: “SL”类型没有重载成员“operator ->”
C:\Users\12092\OneDrive\文档\github\text_C\2024_4_21\2024_4_21\SeqList.h(10,8): message : 参见“SL”的声明
C:\Users\12092\OneDrive\文档\github\text_C\2024_4_21\2024_4_21\SeqList.cpp(71,3): message : 是否改用“.”?
C:\Users\12092\OneDrive\文档\github\text_C\2024_4_21\2024_4_21\SeqList.cpp(71,4): error C2232: “->SL::arr”: 左操作数有“struct”类型，使用“.”
C:\Users\12092\OneDrive\文档\github\text_C\2024_4_21\2024_4_21\SeqList.cpp(71,15): error C2819: “SL”类型没有重载成员“operator ->”
C:\Users\12092\OneDrive\文档\github\text_C\2024_4_21\2024_4_21\SeqList.h(10,8): message : 参见“SL”的声明
C:\Users\12092\OneDrive\文档\github\text_C\2024_4_21\2024_4_21\SeqList.cpp(71,15): message : 是否改用“.”?
C:\Users\12092\OneDrive\文档\github\text_C\2024_4_21\2024_4_21\SeqList.cpp(71,16): error C2232: “->SL::arr”: 左操作数有“struct”类型，使用“.”
C:\Users\12092\OneDrive\文档\github\text_C\2024_4_21\2024_4_21\SeqList.cpp(73,2): error C2819: “SL”类型没有重载成员“operator ->”
C:\Users\12092\OneDrive\文档\github\text_C\2024_4_21\2024_4_21\SeqList.h(10,8): message : 参见“SL”的声明
C:\Users\12092\OneDrive\文档\github\text_C\2024_4_21\2024_4_21\SeqList.cpp(73,2): message : 是否改用“.”?
C:\Users\12092\OneDrive\文档\github\text_C\2024_4_21\2024_4_21\SeqList.cpp(73,3): error C2232: “->SL::size”: 左操作数有“struct”类型，使用“.”
  SList.cpp
  正在生成代码...
